<?xml version="1.0" encoding="UTF-8"?>
<testsuite xmlns:xsi="http://www.w3.org/2001/XMLSchema-instance" xsi:noNamespaceSchemaLocation="https://maven.apache.org/surefire/maven-surefire-plugin/xsd/surefire-test-report-3.0.xsd" version="3.0" name="tn.esprit.esprithub.services.ReservationServiceJUnitTest" time="15.522" tests="4" errors="0" skipped="0" failures="0">
  <properties>
    <property name="java.specification.version" value="17"/>
    <property name="sun.jnu.encoding" value="UTF-8"/>
    <property name="java.class.path" value="/home/bacembensoltana/DevOpsGroup1/5ARCTIC3-G1-EspritHub/target/test-classes:/home/bacembensoltana/DevOpsGroup1/5ARCTIC3-G1-EspritHub/target/classes:/home/bacembensoltana/.m2/repository/org/springframework/boot/spring-boot-starter-data-jpa/3.2.2/spring-boot-starter-data-jpa-3.2.2.jar:/home/bacembensoltana/.m2/repository/org/springframework/boot/spring-boot-starter-aop/3.2.2/spring-boot-starter-aop-3.2.2.jar:/home/bacembensoltana/.m2/repository/org/aspectj/aspectjweaver/1.9.21/aspectjweaver-1.9.21.jar:/home/bacembensoltana/.m2/repository/org/springframework/boot/spring-boot-starter-jdbc/3.2.2/spring-boot-starter-jdbc-3.2.2.jar:/home/bacembensoltana/.m2/repository/com/zaxxer/HikariCP/5.0.1/HikariCP-5.0.1.jar:/home/bacembensoltana/.m2/repository/org/springframework/spring-jdbc/6.1.3/spring-jdbc-6.1.3.jar:/home/bacembensoltana/.m2/repository/org/hibernate/orm/hibernate-core/6.4.1.Final/hibernate-core-6.4.1.Final.jar:/home/bacembensoltana/.m2/repository/jakarta/persistence/jakarta.persistence-api/3.1.0/jakarta.persistence-api-3.1.0.jar:/home/bacembensoltana/.m2/repository/jakarta/transaction/jakarta.transaction-api/2.0.1/jakarta.transaction-api-2.0.1.jar:/home/bacembensoltana/.m2/repository/org/jboss/logging/jboss-logging/3.5.3.Final/jboss-logging-3.5.3.Final.jar:/home/bacembensoltana/.m2/repository/org/hibernate/common/hibernate-commons-annotations/6.0.6.Final/hibernate-commons-annotations-6.0.6.Final.jar:/home/bacembensoltana/.m2/repository/io/smallrye/jandex/3.1.2/jandex-3.1.2.jar:/home/bacembensoltana/.m2/repository/com/fasterxml/classmate/1.6.0/classmate-1.6.0.jar:/home/bacembensoltana/.m2/repository/org/glassfish/jaxb/jaxb-runtime/4.0.4/jaxb-runtime-4.0.4.jar:/home/bacembensoltana/.m2/repository/org/glassfish/jaxb/jaxb-core/4.0.4/jaxb-core-4.0.4.jar:/home/bacembensoltana/.m2/repository/org/glassfish/jaxb/txw2/4.0.4/txw2-4.0.4.jar:/home/bacembensoltana/.m2/repository/com/sun/istack/istack-commons-runtime/4.1.2/istack-commons-runtime-4.1.2.jar:/home/bacembensoltana/.m2/repository/jakarta/inject/jakarta.inject-api/2.0.1/jakarta.inject-api-2.0.1.jar:/home/bacembensoltana/.m2/repository/org/antlr/antlr4-runtime/4.13.0/antlr4-runtime-4.13.0.jar:/home/bacembensoltana/.m2/repository/org/springframework/data/spring-data-jpa/3.2.2/spring-data-jpa-3.2.2.jar:/home/bacembensoltana/.m2/repository/org/springframework/data/spring-data-commons/3.2.2/spring-data-commons-3.2.2.jar:/home/bacembensoltana/.m2/repository/org/springframework/spring-orm/6.1.3/spring-orm-6.1.3.jar:/home/bacembensoltana/.m2/repository/jakarta/annotation/jakarta.annotation-api/2.1.1/jakarta.annotation-api-2.1.1.jar:/home/bacembensoltana/.m2/repository/org/slf4j/slf4j-api/2.0.11/slf4j-api-2.0.11.jar:/home/bacembensoltana/.m2/repository/org/springframework/spring-aspects/6.1.3/spring-aspects-6.1.3.jar:/home/bacembensoltana/.m2/repository/com/squareup/okhttp3/okhttp/4.9.1/okhttp-4.9.1.jar:/home/bacembensoltana/.m2/repository/com/squareup/okio/okio/2.8.0/okio-2.8.0.jar:/home/bacembensoltana/.m2/repository/org/jetbrains/kotlin/kotlin-stdlib-common/1.9.22/kotlin-stdlib-common-1.9.22.jar:/home/bacembensoltana/.m2/repository/org/jetbrains/kotlin/kotlin-stdlib/1.9.22/kotlin-stdlib-1.9.22.jar:/home/bacembensoltana/.m2/repository/org/jetbrains/annotations/13.0/annotations-13.0.jar:/home/bacembensoltana/.m2/repository/org/projectlombok/lombok/1.18.30/lombok-1.18.30.jar:/home/bacembensoltana/.m2/repository/org/springframework/boot/spring-boot-starter-test/3.2.2/spring-boot-starter-test-3.2.2.jar:/home/bacembensoltana/.m2/repository/org/springframework/boot/spring-boot-starter/3.2.2/spring-boot-starter-3.2.2.jar:/home/bacembensoltana/.m2/repository/org/springframework/boot/spring-boot/3.2.2/spring-boot-3.2.2.jar:/home/bacembensoltana/.m2/repository/org/springframework/boot/spring-boot-autoconfigure/3.2.2/spring-boot-autoconfigure-3.2.2.jar:/home/bacembensoltana/.m2/repository/org/springframework/boot/spring-boot-starter-logging/3.2.2/spring-boot-starter-logging-3.2.2.jar:/home/bacembensoltana/.m2/repository/ch/qos/logback/logback-classic/1.4.14/logback-classic-1.4.14.jar:/home/bacembensoltana/.m2/repository/ch/qos/logback/logback-core/1.4.14/logback-core-1.4.14.jar:/home/bacembensoltana/.m2/repository/org/apache/logging/log4j/log4j-to-slf4j/2.21.1/log4j-to-slf4j-2.21.1.jar:/home/bacembensoltana/.m2/repository/org/apache/logging/log4j/log4j-api/2.21.1/log4j-api-2.21.1.jar:/home/bacembensoltana/.m2/repository/org/slf4j/jul-to-slf4j/2.0.11/jul-to-slf4j-2.0.11.jar:/home/bacembensoltana/.m2/repository/org/yaml/snakeyaml/2.2/snakeyaml-2.2.jar:/home/bacembensoltana/.m2/repository/org/springframework/boot/spring-boot-test/3.2.2/spring-boot-test-3.2.2.jar:/home/bacembensoltana/.m2/repository/org/springframework/boot/spring-boot-test-autoconfigure/3.2.2/spring-boot-test-autoconfigure-3.2.2.jar:/home/bacembensoltana/.m2/repository/com/jayway/jsonpath/json-path/2.8.0/json-path-2.8.0.jar:/home/bacembensoltana/.m2/repository/jakarta/xml/bind/jakarta.xml.bind-api/4.0.1/jakarta.xml.bind-api-4.0.1.jar:/home/bacembensoltana/.m2/repository/jakarta/activation/jakarta.activation-api/2.1.2/jakarta.activation-api-2.1.2.jar:/home/bacembensoltana/.m2/repository/net/minidev/json-smart/2.5.0/json-smart-2.5.0.jar:/home/bacembensoltana/.m2/repository/net/minidev/accessors-smart/2.5.0/accessors-smart-2.5.0.jar:/home/bacembensoltana/.m2/repository/org/ow2/asm/asm/9.3/asm-9.3.jar:/home/bacembensoltana/.m2/repository/org/assertj/assertj-core/3.24.2/assertj-core-3.24.2.jar:/home/bacembensoltana/.m2/repository/org/awaitility/awaitility/4.2.0/awaitility-4.2.0.jar:/home/bacembensoltana/.m2/repository/org/hamcrest/hamcrest/2.2/hamcrest-2.2.jar:/home/bacembensoltana/.m2/repository/org/junit/jupiter/junit-jupiter/5.10.1/junit-jupiter-5.10.1.jar:/home/bacembensoltana/.m2/repository/org/junit/jupiter/junit-jupiter-api/5.10.1/junit-jupiter-api-5.10.1.jar:/home/bacembensoltana/.m2/repository/org/opentest4j/opentest4j/1.3.0/opentest4j-1.3.0.jar:/home/bacembensoltana/.m2/repository/org/junit/platform/junit-platform-commons/1.10.1/junit-platform-commons-1.10.1.jar:/home/bacembensoltana/.m2/repository/org/apiguardian/apiguardian-api/1.1.2/apiguardian-api-1.1.2.jar:/home/bacembensoltana/.m2/repository/org/junit/jupiter/junit-jupiter-params/5.10.1/junit-jupiter-params-5.10.1.jar:/home/bacembensoltana/.m2/repository/org/junit/jupiter/junit-jupiter-engine/5.10.1/junit-jupiter-engine-5.10.1.jar:/home/bacembensoltana/.m2/repository/org/junit/platform/junit-platform-engine/1.10.1/junit-platform-engine-1.10.1.jar:/home/bacembensoltana/.m2/repository/org/mockito/mockito-junit-jupiter/5.7.0/mockito-junit-jupiter-5.7.0.jar:/home/bacembensoltana/.m2/repository/org/skyscreamer/jsonassert/1.5.1/jsonassert-1.5.1.jar:/home/bacembensoltana/.m2/repository/com/vaadin/external/google/android-json/0.0.20131108.vaadin1/android-json-0.0.20131108.vaadin1.jar:/home/bacembensoltana/.m2/repository/org/springframework/spring-core/6.1.3/spring-core-6.1.3.jar:/home/bacembensoltana/.m2/repository/org/springframework/spring-jcl/6.1.3/spring-jcl-6.1.3.jar:/home/bacembensoltana/.m2/repository/org/springframework/spring-test/6.1.3/spring-test-6.1.3.jar:/home/bacembensoltana/.m2/repository/org/xmlunit/xmlunit-core/2.9.1/xmlunit-core-2.9.1.jar:/home/bacembensoltana/.m2/repository/org/mockito/mockito-core/5.7.0/mockito-core-5.7.0.jar:/home/bacembensoltana/.m2/repository/net/bytebuddy/byte-buddy/1.14.11/byte-buddy-1.14.11.jar:/home/bacembensoltana/.m2/repository/net/bytebuddy/byte-buddy-agent/1.14.11/byte-buddy-agent-1.14.11.jar:/home/bacembensoltana/.m2/repository/org/objenesis/objenesis/3.3/objenesis-3.3.jar:/home/bacembensoltana/.m2/repository/io/jsonwebtoken/jjwt-api/0.11.5/jjwt-api-0.11.5.jar:/home/bacembensoltana/.m2/repository/io/jsonwebtoken/jjwt-impl/0.11.5/jjwt-impl-0.11.5.jar:/home/bacembensoltana/.m2/repository/org/springframework/security/spring-security-core/6.2.1/spring-security-core-6.2.1.jar:/home/bacembensoltana/.m2/repository/org/springframework/security/spring-security-crypto/6.2.1/spring-security-crypto-6.2.1.jar:/home/bacembensoltana/.m2/repository/org/springframework/spring-aop/6.1.3/spring-aop-6.1.3.jar:/home/bacembensoltana/.m2/repository/org/springframework/spring-beans/6.1.3/spring-beans-6.1.3.jar:/home/bacembensoltana/.m2/repository/org/springframework/spring-context/6.1.3/spring-context-6.1.3.jar:/home/bacembensoltana/.m2/repository/org/springframework/spring-expression/6.1.3/spring-expression-6.1.3.jar:/home/bacembensoltana/.m2/repository/io/micrometer/micrometer-observation/1.12.2/micrometer-observation-1.12.2.jar:/home/bacembensoltana/.m2/repository/io/micrometer/micrometer-commons/1.12.2/micrometer-commons-1.12.2.jar:/home/bacembensoltana/.m2/repository/org/springframework/spring-context-support/6.1.3/spring-context-support-6.1.3.jar:/home/bacembensoltana/.m2/repository/io/jsonwebtoken/jjwt-jackson/0.11.5/jjwt-jackson-0.11.5.jar:/home/bacembensoltana/.m2/repository/com/fasterxml/jackson/core/jackson-databind/2.15.3/jackson-databind-2.15.3.jar:/home/bacembensoltana/.m2/repository/com/fasterxml/jackson/core/jackson-annotations/2.15.3/jackson-annotations-2.15.3.jar:/home/bacembensoltana/.m2/repository/com/fasterxml/jackson/core/jackson-core/2.15.3/jackson-core-2.15.3.jar:/home/bacembensoltana/.m2/repository/com/stripe/stripe-java/20.63.1/stripe-java-20.63.1.jar:/home/bacembensoltana/.m2/repository/com/google/code/gson/gson/2.10.1/gson-2.10.1.jar:/home/bacembensoltana/.m2/repository/org/springframework/boot/spring-boot-starter-web/3.2.2/spring-boot-starter-web-3.2.2.jar:/home/bacembensoltana/.m2/repository/org/springframework/boot/spring-boot-starter-json/3.2.2/spring-boot-starter-json-3.2.2.jar:/home/bacembensoltana/.m2/repository/com/fasterxml/jackson/datatype/jackson-datatype-jdk8/2.15.3/jackson-datatype-jdk8-2.15.3.jar:/home/bacembensoltana/.m2/repository/com/fasterxml/jackson/datatype/jackson-datatype-jsr310/2.15.3/jackson-datatype-jsr310-2.15.3.jar:/home/bacembensoltana/.m2/repository/com/fasterxml/jackson/module/jackson-module-parameter-names/2.15.3/jackson-module-parameter-names-2.15.3.jar:/home/bacembensoltana/.m2/repository/org/springframework/boot/spring-boot-starter-tomcat/3.2.2/spring-boot-starter-tomcat-3.2.2.jar:/home/bacembensoltana/.m2/repository/org/apache/tomcat/embed/tomcat-embed-core/10.1.18/tomcat-embed-core-10.1.18.jar:/home/bacembensoltana/.m2/repository/org/apache/tomcat/embed/tomcat-embed-el/10.1.18/tomcat-embed-el-10.1.18.jar:/home/bacembensoltana/.m2/repository/org/apache/tomcat/embed/tomcat-embed-websocket/10.1.18/tomcat-embed-websocket-10.1.18.jar:/home/bacembensoltana/.m2/repository/org/springframework/spring-web/6.1.3/spring-web-6.1.3.jar:/home/bacembensoltana/.m2/repository/org/springframework/spring-webmvc/6.1.3/spring-webmvc-6.1.3.jar:/home/bacembensoltana/.m2/repository/org/springframework/boot/spring-boot-starter-thymeleaf/3.2.2/spring-boot-starter-thymeleaf-3.2.2.jar:/home/bacembensoltana/.m2/repository/org/thymeleaf/thymeleaf-spring6/3.1.2.RELEASE/thymeleaf-spring6-3.1.2.RELEASE.jar:/home/bacembensoltana/.m2/repository/org/thymeleaf/thymeleaf/3.1.2.RELEASE/thymeleaf-3.1.2.RELEASE.jar:/home/bacembensoltana/.m2/repository/org/attoparser/attoparser/2.0.7.RELEASE/attoparser-2.0.7.RELEASE.jar:/home/bacembensoltana/.m2/repository/org/unbescape/unbescape/1.1.6.RELEASE/unbescape-1.1.6.RELEASE.jar:/home/bacembensoltana/.m2/repository/com/sun/mail/jakarta.mail/2.0.1/jakarta.mail-2.0.1.jar:/home/bacembensoltana/.m2/repository/com/sun/activation/jakarta.activation/2.0.1/jakarta.activation-2.0.1.jar:/home/bacembensoltana/.m2/repository/org/springdoc/springdoc-openapi-starter-webmvc-ui/2.0.2/springdoc-openapi-starter-webmvc-ui-2.0.2.jar:/home/bacembensoltana/.m2/repository/org/springdoc/springdoc-openapi-starter-webmvc-api/2.0.2/springdoc-openapi-starter-webmvc-api-2.0.2.jar:/home/bacembensoltana/.m2/repository/org/springdoc/springdoc-openapi-starter-common/2.0.2/springdoc-openapi-starter-common-2.0.2.jar:/home/bacembensoltana/.m2/repository/io/swagger/core/v3/swagger-core-jakarta/2.2.7/swagger-core-jakarta-2.2.7.jar:/home/bacembensoltana/.m2/repository/org/apache/commons/commons-lang3/3.13.0/commons-lang3-3.13.0.jar:/home/bacembensoltana/.m2/repository/io/swagger/core/v3/swagger-annotations-jakarta/2.2.7/swagger-annotations-jakarta-2.2.7.jar:/home/bacembensoltana/.m2/repository/io/swagger/core/v3/swagger-models-jakarta/2.2.7/swagger-models-jakarta-2.2.7.jar:/home/bacembensoltana/.m2/repository/jakarta/validation/jakarta.validation-api/3.0.2/jakarta.validation-api-3.0.2.jar:/home/bacembensoltana/.m2/repository/com/fasterxml/jackson/dataformat/jackson-dataformat-yaml/2.15.3/jackson-dataformat-yaml-2.15.3.jar:/home/bacembensoltana/.m2/repository/org/webjars/swagger-ui/4.15.5/swagger-ui-4.15.5.jar:/home/bacembensoltana/.m2/repository/org/webjars/webjars-locator-core/0.55/webjars-locator-core-0.55.jar:/home/bacembensoltana/.m2/repository/io/github/classgraph/classgraph/4.8.149/classgraph-4.8.149.jar:/home/bacembensoltana/.m2/repository/com/mysql/mysql-connector-j/8.3.0/mysql-connector-j-8.3.0.jar:/home/bacembensoltana/.m2/repository/org/springframework/boot/spring-boot-starter-websocket/3.2.2/spring-boot-starter-websocket-3.2.2.jar:/home/bacembensoltana/.m2/repository/org/springframework/spring-messaging/6.1.3/spring-messaging-6.1.3.jar:/home/bacembensoltana/.m2/repository/org/springframework/spring-websocket/6.1.3/spring-websocket-6.1.3.jar:/home/bacembensoltana/.m2/repository/commons-io/commons-io/2.11.0/commons-io-2.11.0.jar:/home/bacembensoltana/.m2/repository/org/springframework/boot/spring-boot-starter-security/3.2.2/spring-boot-starter-security-3.2.2.jar:/home/bacembensoltana/.m2/repository/org/springframework/security/spring-security-config/6.2.1/spring-security-config-6.2.1.jar:/home/bacembensoltana/.m2/repository/org/springframework/security/spring-security-web/6.2.1/spring-security-web-6.2.1.jar:/home/bacembensoltana/.m2/repository/org/springframework/boot/spring-boot-starter-mail/3.2.2/spring-boot-starter-mail-3.2.2.jar:/home/bacembensoltana/.m2/repository/org/eclipse/angus/jakarta.mail/2.0.2/jakarta.mail-2.0.2.jar:/home/bacembensoltana/.m2/repository/org/eclipse/angus/angus-activation/2.0.1/angus-activation-2.0.1.jar:/home/bacembensoltana/.m2/repository/org/springframework/boot/spring-boot-starter-quartz/3.2.2/spring-boot-starter-quartz-3.2.2.jar:/home/bacembensoltana/.m2/repository/org/springframework/spring-tx/6.1.3/spring-tx-6.1.3.jar:/home/bacembensoltana/.m2/repository/org/quartz-scheduler/quartz/2.3.2/quartz-2.3.2.jar:/home/bacembensoltana/.m2/repository/com/mchange/mchange-commons-java/0.2.15/mchange-commons-java-0.2.15.jar:/home/bacembensoltana/.m2/repository/org/springframework/boot/spring-boot-starter-actuator/3.2.2/spring-boot-starter-actuator-3.2.2.jar:/home/bacembensoltana/.m2/repository/org/springframework/boot/spring-boot-actuator-autoconfigure/3.2.2/spring-boot-actuator-autoconfigure-3.2.2.jar:/home/bacembensoltana/.m2/repository/org/springframework/boot/spring-boot-actuator/3.2.2/spring-boot-actuator-3.2.2.jar:/home/bacembensoltana/.m2/repository/io/micrometer/micrometer-jakarta9/1.12.2/micrometer-jakarta9-1.12.2.jar:/home/bacembensoltana/.m2/repository/io/micrometer/micrometer-registry-prometheus/1.12.2/micrometer-registry-prometheus-1.12.2.jar:/home/bacembensoltana/.m2/repository/io/micrometer/micrometer-core/1.12.2/micrometer-core-1.12.2.jar:/home/bacembensoltana/.m2/repository/org/hdrhistogram/HdrHistogram/2.1.12/HdrHistogram-2.1.12.jar:/home/bacembensoltana/.m2/repository/org/latencyutils/LatencyUtils/2.0.3/LatencyUtils-2.0.3.jar:/home/bacembensoltana/.m2/repository/io/prometheus/simpleclient_common/0.16.0/simpleclient_common-0.16.0.jar:/home/bacembensoltana/.m2/repository/io/prometheus/simpleclient/0.16.0/simpleclient-0.16.0.jar:/home/bacembensoltana/.m2/repository/io/prometheus/simpleclient_tracer_otel/0.16.0/simpleclient_tracer_otel-0.16.0.jar:/home/bacembensoltana/.m2/repository/io/prometheus/simpleclient_tracer_common/0.16.0/simpleclient_tracer_common-0.16.0.jar:/home/bacembensoltana/.m2/repository/io/prometheus/simpleclient_tracer_otel_agent/0.16.0/simpleclient_tracer_otel_agent-0.16.0.jar:"/>
    <property name="java.vm.vendor" value="Ubuntu"/>
    <property name="sun.arch.data.model" value="64"/>
    <property name="java.vendor.url" value="https://ubuntu.com/"/>
    <property name="user.timezone" value="Africa/Tunis"/>
    <property name="org.jboss.logging.provider" value="slf4j"/>
    <property name="os.name" value="Linux"/>
    <property name="java.vm.specification.version" value="17"/>
    <property name="sun.java.launcher" value="SUN_STANDARD"/>
    <property name="user.country" value="US"/>
    <property name="sun.boot.library.path" value="/usr/lib/jvm/java-17-openjdk-amd64/lib"/>
    <property name="sun.java.command" value="/home/bacembensoltana/DevOpsGroup1/5ARCTIC3-G1-EspritHub/target/surefire/surefirebooter-20241028223710707_3.jar /home/bacembensoltana/DevOpsGroup1/5ARCTIC3-G1-EspritHub/target/surefire 2024-10-28T22-37-10_560-jvmRun1 surefire-20241028223710707_1tmp surefire_0-20241028223710707_2tmp"/>
    <property name="jdk.debug" value="release"/>
    <property name="surefire.test.class.path" value="/home/bacembensoltana/DevOpsGroup1/5ARCTIC3-G1-EspritHub/target/test-classes:/home/bacembensoltana/DevOpsGroup1/5ARCTIC3-G1-EspritHub/target/classes:/home/bacembensoltana/.m2/repository/org/springframework/boot/spring-boot-starter-data-jpa/3.2.2/spring-boot-starter-data-jpa-3.2.2.jar:/home/bacembensoltana/.m2/repository/org/springframework/boot/spring-boot-starter-aop/3.2.2/spring-boot-starter-aop-3.2.2.jar:/home/bacembensoltana/.m2/repository/org/aspectj/aspectjweaver/1.9.21/aspectjweaver-1.9.21.jar:/home/bacembensoltana/.m2/repository/org/springframework/boot/spring-boot-starter-jdbc/3.2.2/spring-boot-starter-jdbc-3.2.2.jar:/home/bacembensoltana/.m2/repository/com/zaxxer/HikariCP/5.0.1/HikariCP-5.0.1.jar:/home/bacembensoltana/.m2/repository/org/springframework/spring-jdbc/6.1.3/spring-jdbc-6.1.3.jar:/home/bacembensoltana/.m2/repository/org/hibernate/orm/hibernate-core/6.4.1.Final/hibernate-core-6.4.1.Final.jar:/home/bacembensoltana/.m2/repository/jakarta/persistence/jakarta.persistence-api/3.1.0/jakarta.persistence-api-3.1.0.jar:/home/bacembensoltana/.m2/repository/jakarta/transaction/jakarta.transaction-api/2.0.1/jakarta.transaction-api-2.0.1.jar:/home/bacembensoltana/.m2/repository/org/jboss/logging/jboss-logging/3.5.3.Final/jboss-logging-3.5.3.Final.jar:/home/bacembensoltana/.m2/repository/org/hibernate/common/hibernate-commons-annotations/6.0.6.Final/hibernate-commons-annotations-6.0.6.Final.jar:/home/bacembensoltana/.m2/repository/io/smallrye/jandex/3.1.2/jandex-3.1.2.jar:/home/bacembensoltana/.m2/repository/com/fasterxml/classmate/1.6.0/classmate-1.6.0.jar:/home/bacembensoltana/.m2/repository/org/glassfish/jaxb/jaxb-runtime/4.0.4/jaxb-runtime-4.0.4.jar:/home/bacembensoltana/.m2/repository/org/glassfish/jaxb/jaxb-core/4.0.4/jaxb-core-4.0.4.jar:/home/bacembensoltana/.m2/repository/org/glassfish/jaxb/txw2/4.0.4/txw2-4.0.4.jar:/home/bacembensoltana/.m2/repository/com/sun/istack/istack-commons-runtime/4.1.2/istack-commons-runtime-4.1.2.jar:/home/bacembensoltana/.m2/repository/jakarta/inject/jakarta.inject-api/2.0.1/jakarta.inject-api-2.0.1.jar:/home/bacembensoltana/.m2/repository/org/antlr/antlr4-runtime/4.13.0/antlr4-runtime-4.13.0.jar:/home/bacembensoltana/.m2/repository/org/springframework/data/spring-data-jpa/3.2.2/spring-data-jpa-3.2.2.jar:/home/bacembensoltana/.m2/repository/org/springframework/data/spring-data-commons/3.2.2/spring-data-commons-3.2.2.jar:/home/bacembensoltana/.m2/repository/org/springframework/spring-orm/6.1.3/spring-orm-6.1.3.jar:/home/bacembensoltana/.m2/repository/jakarta/annotation/jakarta.annotation-api/2.1.1/jakarta.annotation-api-2.1.1.jar:/home/bacembensoltana/.m2/repository/org/slf4j/slf4j-api/2.0.11/slf4j-api-2.0.11.jar:/home/bacembensoltana/.m2/repository/org/springframework/spring-aspects/6.1.3/spring-aspects-6.1.3.jar:/home/bacembensoltana/.m2/repository/com/squareup/okhttp3/okhttp/4.9.1/okhttp-4.9.1.jar:/home/bacembensoltana/.m2/repository/com/squareup/okio/okio/2.8.0/okio-2.8.0.jar:/home/bacembensoltana/.m2/repository/org/jetbrains/kotlin/kotlin-stdlib-common/1.9.22/kotlin-stdlib-common-1.9.22.jar:/home/bacembensoltana/.m2/repository/org/jetbrains/kotlin/kotlin-stdlib/1.9.22/kotlin-stdlib-1.9.22.jar:/home/bacembensoltana/.m2/repository/org/jetbrains/annotations/13.0/annotations-13.0.jar:/home/bacembensoltana/.m2/repository/org/projectlombok/lombok/1.18.30/lombok-1.18.30.jar:/home/bacembensoltana/.m2/repository/org/springframework/boot/spring-boot-starter-test/3.2.2/spring-boot-starter-test-3.2.2.jar:/home/bacembensoltana/.m2/repository/org/springframework/boot/spring-boot-starter/3.2.2/spring-boot-starter-3.2.2.jar:/home/bacembensoltana/.m2/repository/org/springframework/boot/spring-boot/3.2.2/spring-boot-3.2.2.jar:/home/bacembensoltana/.m2/repository/org/springframework/boot/spring-boot-autoconfigure/3.2.2/spring-boot-autoconfigure-3.2.2.jar:/home/bacembensoltana/.m2/repository/org/springframework/boot/spring-boot-starter-logging/3.2.2/spring-boot-starter-logging-3.2.2.jar:/home/bacembensoltana/.m2/repository/ch/qos/logback/logback-classic/1.4.14/logback-classic-1.4.14.jar:/home/bacembensoltana/.m2/repository/ch/qos/logback/logback-core/1.4.14/logback-core-1.4.14.jar:/home/bacembensoltana/.m2/repository/org/apache/logging/log4j/log4j-to-slf4j/2.21.1/log4j-to-slf4j-2.21.1.jar:/home/bacembensoltana/.m2/repository/org/apache/logging/log4j/log4j-api/2.21.1/log4j-api-2.21.1.jar:/home/bacembensoltana/.m2/repository/org/slf4j/jul-to-slf4j/2.0.11/jul-to-slf4j-2.0.11.jar:/home/bacembensoltana/.m2/repository/org/yaml/snakeyaml/2.2/snakeyaml-2.2.jar:/home/bacembensoltana/.m2/repository/org/springframework/boot/spring-boot-test/3.2.2/spring-boot-test-3.2.2.jar:/home/bacembensoltana/.m2/repository/org/springframework/boot/spring-boot-test-autoconfigure/3.2.2/spring-boot-test-autoconfigure-3.2.2.jar:/home/bacembensoltana/.m2/repository/com/jayway/jsonpath/json-path/2.8.0/json-path-2.8.0.jar:/home/bacembensoltana/.m2/repository/jakarta/xml/bind/jakarta.xml.bind-api/4.0.1/jakarta.xml.bind-api-4.0.1.jar:/home/bacembensoltana/.m2/repository/jakarta/activation/jakarta.activation-api/2.1.2/jakarta.activation-api-2.1.2.jar:/home/bacembensoltana/.m2/repository/net/minidev/json-smart/2.5.0/json-smart-2.5.0.jar:/home/bacembensoltana/.m2/repository/net/minidev/accessors-smart/2.5.0/accessors-smart-2.5.0.jar:/home/bacembensoltana/.m2/repository/org/ow2/asm/asm/9.3/asm-9.3.jar:/home/bacembensoltana/.m2/repository/org/assertj/assertj-core/3.24.2/assertj-core-3.24.2.jar:/home/bacembensoltana/.m2/repository/org/awaitility/awaitility/4.2.0/awaitility-4.2.0.jar:/home/bacembensoltana/.m2/repository/org/hamcrest/hamcrest/2.2/hamcrest-2.2.jar:/home/bacembensoltana/.m2/repository/org/junit/jupiter/junit-jupiter/5.10.1/junit-jupiter-5.10.1.jar:/home/bacembensoltana/.m2/repository/org/junit/jupiter/junit-jupiter-api/5.10.1/junit-jupiter-api-5.10.1.jar:/home/bacembensoltana/.m2/repository/org/opentest4j/opentest4j/1.3.0/opentest4j-1.3.0.jar:/home/bacembensoltana/.m2/repository/org/junit/platform/junit-platform-commons/1.10.1/junit-platform-commons-1.10.1.jar:/home/bacembensoltana/.m2/repository/org/apiguardian/apiguardian-api/1.1.2/apiguardian-api-1.1.2.jar:/home/bacembensoltana/.m2/repository/org/junit/jupiter/junit-jupiter-params/5.10.1/junit-jupiter-params-5.10.1.jar:/home/bacembensoltana/.m2/repository/org/junit/jupiter/junit-jupiter-engine/5.10.1/junit-jupiter-engine-5.10.1.jar:/home/bacembensoltana/.m2/repository/org/junit/platform/junit-platform-engine/1.10.1/junit-platform-engine-1.10.1.jar:/home/bacembensoltana/.m2/repository/org/mockito/mockito-junit-jupiter/5.7.0/mockito-junit-jupiter-5.7.0.jar:/home/bacembensoltana/.m2/repository/org/skyscreamer/jsonassert/1.5.1/jsonassert-1.5.1.jar:/home/bacembensoltana/.m2/repository/com/vaadin/external/google/android-json/0.0.20131108.vaadin1/android-json-0.0.20131108.vaadin1.jar:/home/bacembensoltana/.m2/repository/org/springframework/spring-core/6.1.3/spring-core-6.1.3.jar:/home/bacembensoltana/.m2/repository/org/springframework/spring-jcl/6.1.3/spring-jcl-6.1.3.jar:/home/bacembensoltana/.m2/repository/org/springframework/spring-test/6.1.3/spring-test-6.1.3.jar:/home/bacembensoltana/.m2/repository/org/xmlunit/xmlunit-core/2.9.1/xmlunit-core-2.9.1.jar:/home/bacembensoltana/.m2/repository/org/mockito/mockito-core/5.7.0/mockito-core-5.7.0.jar:/home/bacembensoltana/.m2/repository/net/bytebuddy/byte-buddy/1.14.11/byte-buddy-1.14.11.jar:/home/bacembensoltana/.m2/repository/net/bytebuddy/byte-buddy-agent/1.14.11/byte-buddy-agent-1.14.11.jar:/home/bacembensoltana/.m2/repository/org/objenesis/objenesis/3.3/objenesis-3.3.jar:/home/bacembensoltana/.m2/repository/io/jsonwebtoken/jjwt-api/0.11.5/jjwt-api-0.11.5.jar:/home/bacembensoltana/.m2/repository/io/jsonwebtoken/jjwt-impl/0.11.5/jjwt-impl-0.11.5.jar:/home/bacembensoltana/.m2/repository/org/springframework/security/spring-security-core/6.2.1/spring-security-core-6.2.1.jar:/home/bacembensoltana/.m2/repository/org/springframework/security/spring-security-crypto/6.2.1/spring-security-crypto-6.2.1.jar:/home/bacembensoltana/.m2/repository/org/springframework/spring-aop/6.1.3/spring-aop-6.1.3.jar:/home/bacembensoltana/.m2/repository/org/springframework/spring-beans/6.1.3/spring-beans-6.1.3.jar:/home/bacembensoltana/.m2/repository/org/springframework/spring-context/6.1.3/spring-context-6.1.3.jar:/home/bacembensoltana/.m2/repository/org/springframework/spring-expression/6.1.3/spring-expression-6.1.3.jar:/home/bacembensoltana/.m2/repository/io/micrometer/micrometer-observation/1.12.2/micrometer-observation-1.12.2.jar:/home/bacembensoltana/.m2/repository/io/micrometer/micrometer-commons/1.12.2/micrometer-commons-1.12.2.jar:/home/bacembensoltana/.m2/repository/org/springframework/spring-context-support/6.1.3/spring-context-support-6.1.3.jar:/home/bacembensoltana/.m2/repository/io/jsonwebtoken/jjwt-jackson/0.11.5/jjwt-jackson-0.11.5.jar:/home/bacembensoltana/.m2/repository/com/fasterxml/jackson/core/jackson-databind/2.15.3/jackson-databind-2.15.3.jar:/home/bacembensoltana/.m2/repository/com/fasterxml/jackson/core/jackson-annotations/2.15.3/jackson-annotations-2.15.3.jar:/home/bacembensoltana/.m2/repository/com/fasterxml/jackson/core/jackson-core/2.15.3/jackson-core-2.15.3.jar:/home/bacembensoltana/.m2/repository/com/stripe/stripe-java/20.63.1/stripe-java-20.63.1.jar:/home/bacembensoltana/.m2/repository/com/google/code/gson/gson/2.10.1/gson-2.10.1.jar:/home/bacembensoltana/.m2/repository/org/springframework/boot/spring-boot-starter-web/3.2.2/spring-boot-starter-web-3.2.2.jar:/home/bacembensoltana/.m2/repository/org/springframework/boot/spring-boot-starter-json/3.2.2/spring-boot-starter-json-3.2.2.jar:/home/bacembensoltana/.m2/repository/com/fasterxml/jackson/datatype/jackson-datatype-jdk8/2.15.3/jackson-datatype-jdk8-2.15.3.jar:/home/bacembensoltana/.m2/repository/com/fasterxml/jackson/datatype/jackson-datatype-jsr310/2.15.3/jackson-datatype-jsr310-2.15.3.jar:/home/bacembensoltana/.m2/repository/com/fasterxml/jackson/module/jackson-module-parameter-names/2.15.3/jackson-module-parameter-names-2.15.3.jar:/home/bacembensoltana/.m2/repository/org/springframework/boot/spring-boot-starter-tomcat/3.2.2/spring-boot-starter-tomcat-3.2.2.jar:/home/bacembensoltana/.m2/repository/org/apache/tomcat/embed/tomcat-embed-core/10.1.18/tomcat-embed-core-10.1.18.jar:/home/bacembensoltana/.m2/repository/org/apache/tomcat/embed/tomcat-embed-el/10.1.18/tomcat-embed-el-10.1.18.jar:/home/bacembensoltana/.m2/repository/org/apache/tomcat/embed/tomcat-embed-websocket/10.1.18/tomcat-embed-websocket-10.1.18.jar:/home/bacembensoltana/.m2/repository/org/springframework/spring-web/6.1.3/spring-web-6.1.3.jar:/home/bacembensoltana/.m2/repository/org/springframework/spring-webmvc/6.1.3/spring-webmvc-6.1.3.jar:/home/bacembensoltana/.m2/repository/org/springframework/boot/spring-boot-starter-thymeleaf/3.2.2/spring-boot-starter-thymeleaf-3.2.2.jar:/home/bacembensoltana/.m2/repository/org/thymeleaf/thymeleaf-spring6/3.1.2.RELEASE/thymeleaf-spring6-3.1.2.RELEASE.jar:/home/bacembensoltana/.m2/repository/org/thymeleaf/thymeleaf/3.1.2.RELEASE/thymeleaf-3.1.2.RELEASE.jar:/home/bacembensoltana/.m2/repository/org/attoparser/attoparser/2.0.7.RELEASE/attoparser-2.0.7.RELEASE.jar:/home/bacembensoltana/.m2/repository/org/unbescape/unbescape/1.1.6.RELEASE/unbescape-1.1.6.RELEASE.jar:/home/bacembensoltana/.m2/repository/com/sun/mail/jakarta.mail/2.0.1/jakarta.mail-2.0.1.jar:/home/bacembensoltana/.m2/repository/com/sun/activation/jakarta.activation/2.0.1/jakarta.activation-2.0.1.jar:/home/bacembensoltana/.m2/repository/org/springdoc/springdoc-openapi-starter-webmvc-ui/2.0.2/springdoc-openapi-starter-webmvc-ui-2.0.2.jar:/home/bacembensoltana/.m2/repository/org/springdoc/springdoc-openapi-starter-webmvc-api/2.0.2/springdoc-openapi-starter-webmvc-api-2.0.2.jar:/home/bacembensoltana/.m2/repository/org/springdoc/springdoc-openapi-starter-common/2.0.2/springdoc-openapi-starter-common-2.0.2.jar:/home/bacembensoltana/.m2/repository/io/swagger/core/v3/swagger-core-jakarta/2.2.7/swagger-core-jakarta-2.2.7.jar:/home/bacembensoltana/.m2/repository/org/apache/commons/commons-lang3/3.13.0/commons-lang3-3.13.0.jar:/home/bacembensoltana/.m2/repository/io/swagger/core/v3/swagger-annotations-jakarta/2.2.7/swagger-annotations-jakarta-2.2.7.jar:/home/bacembensoltana/.m2/repository/io/swagger/core/v3/swagger-models-jakarta/2.2.7/swagger-models-jakarta-2.2.7.jar:/home/bacembensoltana/.m2/repository/jakarta/validation/jakarta.validation-api/3.0.2/jakarta.validation-api-3.0.2.jar:/home/bacembensoltana/.m2/repository/com/fasterxml/jackson/dataformat/jackson-dataformat-yaml/2.15.3/jackson-dataformat-yaml-2.15.3.jar:/home/bacembensoltana/.m2/repository/org/webjars/swagger-ui/4.15.5/swagger-ui-4.15.5.jar:/home/bacembensoltana/.m2/repository/org/webjars/webjars-locator-core/0.55/webjars-locator-core-0.55.jar:/home/bacembensoltana/.m2/repository/io/github/classgraph/classgraph/4.8.149/classgraph-4.8.149.jar:/home/bacembensoltana/.m2/repository/com/mysql/mysql-connector-j/8.3.0/mysql-connector-j-8.3.0.jar:/home/bacembensoltana/.m2/repository/org/springframework/boot/spring-boot-starter-websocket/3.2.2/spring-boot-starter-websocket-3.2.2.jar:/home/bacembensoltana/.m2/repository/org/springframework/spring-messaging/6.1.3/spring-messaging-6.1.3.jar:/home/bacembensoltana/.m2/repository/org/springframework/spring-websocket/6.1.3/spring-websocket-6.1.3.jar:/home/bacembensoltana/.m2/repository/commons-io/commons-io/2.11.0/commons-io-2.11.0.jar:/home/bacembensoltana/.m2/repository/org/springframework/boot/spring-boot-starter-security/3.2.2/spring-boot-starter-security-3.2.2.jar:/home/bacembensoltana/.m2/repository/org/springframework/security/spring-security-config/6.2.1/spring-security-config-6.2.1.jar:/home/bacembensoltana/.m2/repository/org/springframework/security/spring-security-web/6.2.1/spring-security-web-6.2.1.jar:/home/bacembensoltana/.m2/repository/org/springframework/boot/spring-boot-starter-mail/3.2.2/spring-boot-starter-mail-3.2.2.jar:/home/bacembensoltana/.m2/repository/org/eclipse/angus/jakarta.mail/2.0.2/jakarta.mail-2.0.2.jar:/home/bacembensoltana/.m2/repository/org/eclipse/angus/angus-activation/2.0.1/angus-activation-2.0.1.jar:/home/bacembensoltana/.m2/repository/org/springframework/boot/spring-boot-starter-quartz/3.2.2/spring-boot-starter-quartz-3.2.2.jar:/home/bacembensoltana/.m2/repository/org/springframework/spring-tx/6.1.3/spring-tx-6.1.3.jar:/home/bacembensoltana/.m2/repository/org/quartz-scheduler/quartz/2.3.2/quartz-2.3.2.jar:/home/bacembensoltana/.m2/repository/com/mchange/mchange-commons-java/0.2.15/mchange-commons-java-0.2.15.jar:/home/bacembensoltana/.m2/repository/org/springframework/boot/spring-boot-starter-actuator/3.2.2/spring-boot-starter-actuator-3.2.2.jar:/home/bacembensoltana/.m2/repository/org/springframework/boot/spring-boot-actuator-autoconfigure/3.2.2/spring-boot-actuator-autoconfigure-3.2.2.jar:/home/bacembensoltana/.m2/repository/org/springframework/boot/spring-boot-actuator/3.2.2/spring-boot-actuator-3.2.2.jar:/home/bacembensoltana/.m2/repository/io/micrometer/micrometer-jakarta9/1.12.2/micrometer-jakarta9-1.12.2.jar:/home/bacembensoltana/.m2/repository/io/micrometer/micrometer-registry-prometheus/1.12.2/micrometer-registry-prometheus-1.12.2.jar:/home/bacembensoltana/.m2/repository/io/micrometer/micrometer-core/1.12.2/micrometer-core-1.12.2.jar:/home/bacembensoltana/.m2/repository/org/hdrhistogram/HdrHistogram/2.1.12/HdrHistogram-2.1.12.jar:/home/bacembensoltana/.m2/repository/org/latencyutils/LatencyUtils/2.0.3/LatencyUtils-2.0.3.jar:/home/bacembensoltana/.m2/repository/io/prometheus/simpleclient_common/0.16.0/simpleclient_common-0.16.0.jar:/home/bacembensoltana/.m2/repository/io/prometheus/simpleclient/0.16.0/simpleclient-0.16.0.jar:/home/bacembensoltana/.m2/repository/io/prometheus/simpleclient_tracer_otel/0.16.0/simpleclient_tracer_otel-0.16.0.jar:/home/bacembensoltana/.m2/repository/io/prometheus/simpleclient_tracer_common/0.16.0/simpleclient_tracer_common-0.16.0.jar:/home/bacembensoltana/.m2/repository/io/prometheus/simpleclient_tracer_otel_agent/0.16.0/simpleclient_tracer_otel_agent-0.16.0.jar:"/>
    <property name="sun.cpu.endian" value="little"/>
    <property name="user.home" value="/home/bacembensoltana"/>
    <property name="user.language" value="en"/>
    <property name="java.specification.vendor" value="Oracle Corporation"/>
    <property name="java.version.date" value="2024-07-16"/>
    <property name="java.home" value="/usr/lib/jvm/java-17-openjdk-amd64"/>
    <property name="file.separator" value="/"/>
    <property name="basedir" value="/home/bacembensoltana/DevOpsGroup1/5ARCTIC3-G1-EspritHub"/>
    <property name="java.vm.compressedOopsMode" value="Zero based"/>
    <property name="line.separator" value="&#10;"/>
    <property name="java.vm.specification.vendor" value="Oracle Corporation"/>
    <property name="java.specification.name" value="Java Platform API Specification"/>
    <property name="FILE_LOG_CHARSET" value="UTF-8"/>
    <property name="java.awt.headless" value="true"/>
    <property name="surefire.real.class.path" value="/home/bacembensoltana/DevOpsGroup1/5ARCTIC3-G1-EspritHub/target/surefire/surefirebooter-20241028223710707_3.jar"/>
    <property name="sun.management.compiler" value="HotSpot 64-Bit Tiered Compilers"/>
    <property name="java.runtime.version" value="17.0.12+7-Ubuntu-1ubuntu222.04"/>
    <property name="user.name" value="bacembensoltana"/>
    <property name="path.separator" value=":"/>
    <property name="os.version" value="6.8.0-47-generic"/>
    <property name="java.runtime.name" value="OpenJDK Runtime Environment"/>
    <property name="file.encoding" value="UTF-8"/>
    <property name="java.vm.name" value="OpenJDK 64-Bit Server VM"/>
    <property name="localRepository" value="/home/bacembensoltana/.m2/repository"/>
    <property name="java.vendor.url.bug" value="https://bugs.launchpad.net/ubuntu/+source/openjdk-17"/>
    <property name="java.io.tmpdir" value="/tmp"/>
    <property name="idea.version" value="2024.2.2"/>
    <property name="com.zaxxer.hikari.pool_number" value="1"/>
    <property name="java.version" value="17.0.12"/>
    <property name="user.dir" value="/home/bacembensoltana/DevOpsGroup1/5ARCTIC3-G1-EspritHub"/>
    <property name="os.arch" value="amd64"/>
    <property name="java.vm.specification.name" value="Java Virtual Machine Specification"/>
    <property name="PID" value="12049"/>
    <property name="CONSOLE_LOG_CHARSET" value="UTF-8"/>
    <property name="native.encoding" value="UTF-8"/>
    <property name="java.library.path" value="/usr/java/packages/lib:/usr/lib/x86_64-linux-gnu/jni:/lib/x86_64-linux-gnu:/usr/lib/x86_64-linux-gnu:/usr/lib/jni:/lib:/usr/lib"/>
    <property name="java.vm.info" value="mixed mode, sharing"/>
    <property name="java.vendor" value="Ubuntu"/>
    <property name="java.vm.version" value="17.0.12+7-Ubuntu-1ubuntu222.04"/>
    <property name="sun.io.unicode.encoding" value="UnicodeLittle"/>
    <property name="java.class.version" value="61.0"/>
  </properties>
  <testcase name="testCancelReservationForSportTeam_CaptainNotFound" classname="tn.esprit.esprithub.services.ReservationServiceJUnitTest" time="0.385">
    <system-out><![CDATA[22:37:14.452 [main] INFO org.springframework.test.context.support.AnnotationConfigContextLoaderUtils -- Could not detect default configuration classes for test class [tn.esprit.esprithub.services.ReservationServiceJUnitTest]: ReservationServiceJUnitTest does not declare any static, non-private, non-final, nested classes annotated with @Configuration.
22:37:14.700 [main] INFO org.springframework.boot.test.context.SpringBootTestContextBootstrapper -- Found @SpringBootConfiguration tn.esprit.esprithub.esprithubApplication for test class tn.esprit.esprithub.services.ReservationServiceJUnitTest

  .   ____          _            __ _ _
 /\\ / ___'_ __ _ _(_)_ __  __ _ \ \ \ \
( ( )\___ | '_ | '_| | '_ \/ _` | \ \ \ \
 \\/  ___)| |_)| | | | | || (_| |  ) ) ) )
  '  |____| .__|_| |_|_| |_\__, | / / / /
 =========|_|==============|___/=/_/_/_/
 :: Spring Boot ::                (v3.2.2)

2024-10-28T22:37:15.442+01:00  INFO 12049 --- [           main] t.e.e.s.ReservationServiceJUnitTest      : Starting ReservationServiceJUnitTest using Java 17.0.12 with PID 12049 (started by bacembensoltana in /home/bacembensoltana/DevOpsGroup1/5ARCTIC3-G1-EspritHub)
2024-10-28T22:37:15.444+01:00  INFO 12049 --- [           main] t.e.e.s.ReservationServiceJUnitTest      : No active profile set, falling back to 1 default profile: "default"
2024-10-28T22:37:17.575+01:00  INFO 12049 --- [           main] .s.d.r.c.RepositoryConfigurationDelegate : Bootstrapping Spring Data JPA repositories in DEFAULT mode.
2024-10-28T22:37:17.700+01:00  INFO 12049 --- [           main] .s.d.r.c.RepositoryConfigurationDelegate : Finished Spring Data repository scanning in 111 ms. Found 18 JPA repository interfaces.
2024-10-28T22:37:19.083+01:00  INFO 12049 --- [           main] o.hibernate.jpa.internal.util.LogHelper  : HHH000204: Processing PersistenceUnitInfo [name: default]
2024-10-28T22:37:19.182+01:00  INFO 12049 --- [           main] org.hibernate.Version                    : HHH000412: Hibernate ORM core version 6.4.1.Final
2024-10-28T22:37:19.245+01:00  INFO 12049 --- [           main] o.h.c.internal.RegionFactoryInitiator    : HHH000026: Second-level cache disabled
2024-10-28T22:37:19.480+01:00  INFO 12049 --- [           main] o.s.o.j.p.SpringPersistenceUnitInfo      : No LoadTimeWeaver setup: ignoring JPA class transformer
2024-10-28T22:37:19.537+01:00  INFO 12049 --- [           main] com.zaxxer.hikari.HikariDataSource       : HikariPool-1 - Starting...
2024-10-28T22:37:20.109+01:00  INFO 12049 --- [           main] com.zaxxer.hikari.pool.HikariPool        : HikariPool-1 - Added connection com.mysql.cj.jdbc.ConnectionImpl@143cb21
2024-10-28T22:37:20.113+01:00  INFO 12049 --- [           main] com.zaxxer.hikari.HikariDataSource       : HikariPool-1 - Start completed.
2024-10-28T22:37:22.197+01:00  INFO 12049 --- [           main] o.h.e.t.j.p.i.JtaPlatformInitiator       : HHH000489: No JTA platform available (set 'hibernate.transaction.jta.platform' to enable JTA platform integration)
2024-10-28T22:37:22.572+01:00  INFO 12049 --- [           main] j.LocalContainerEntityManagerFactoryBean : Initialized JPA EntityManagerFactory for persistence unit 'default'
2024-10-28T22:37:23.582+01:00  INFO 12049 --- [           main] o.s.d.j.r.query.QueryEnhancerFactory     : Hibernate is in classpath; If applicable, HQL parser will be used.
2024-10-28T22:37:25.499+01:00  WARN 12049 --- [           main] JpaBaseConfiguration$JpaWebConfiguration : spring.jpa.open-in-view is enabled by default. Therefore, database queries may be performed during view rendering. Explicitly configure spring.jpa.open-in-view to disable this warning
2024-10-28T22:37:25.838+01:00  INFO 12049 --- [           main] o.s.b.a.w.s.WelcomePageHandlerMapping    : Adding welcome page template: index
2024-10-28T22:37:27.404+01:00  INFO 12049 --- [           main] org.quartz.impl.StdSchedulerFactory      : Using default implementation for ThreadExecutor
2024-10-28T22:37:27.426+01:00  INFO 12049 --- [           main] org.quartz.core.SchedulerSignalerImpl    : Initialized Scheduler Signaller of type: class org.quartz.core.SchedulerSignalerImpl
2024-10-28T22:37:27.427+01:00  INFO 12049 --- [           main] org.quartz.core.QuartzScheduler          : Quartz Scheduler v.2.3.2 created.
2024-10-28T22:37:27.428+01:00  INFO 12049 --- [           main] org.quartz.simpl.RAMJobStore             : RAMJobStore initialized.
2024-10-28T22:37:27.429+01:00  INFO 12049 --- [           main] org.quartz.core.QuartzScheduler          : Scheduler meta-data: Quartz Scheduler (v2.3.2) 'quartzScheduler' with instanceId 'NON_CLUSTERED'
  Scheduler class: 'org.quartz.core.QuartzScheduler' - running locally.
  NOT STARTED.
  Currently in standby mode.
  Number of jobs executed: 0
  Using thread pool 'org.quartz.simpl.SimpleThreadPool' - with 10 threads.
  Using job-store 'org.quartz.simpl.RAMJobStore' - which does not support persistence. and is not clustered.

2024-10-28T22:37:27.430+01:00  INFO 12049 --- [           main] org.quartz.impl.StdSchedulerFactory      : Quartz scheduler 'quartzScheduler' initialized from an externally provided properties instance.
2024-10-28T22:37:27.430+01:00  INFO 12049 --- [           main] org.quartz.impl.StdSchedulerFactory      : Quartz scheduler version: 2.3.2
2024-10-28T22:37:27.430+01:00  INFO 12049 --- [           main] org.quartz.core.QuartzScheduler          : JobFactory set to: org.springframework.scheduling.quartz.SpringBeanJobFactory@797e879e
2024-10-28T22:37:27.620+01:00  INFO 12049 --- [           main] o.s.b.a.e.web.EndpointLinksResolver      : Exposing 14 endpoint(s) beneath base path '/actuator'
2024-10-28T22:37:27.798+01:00  INFO 12049 --- [           main] o.s.s.web.DefaultSecurityFilterChain     : Will secure any request with [org.springframework.security.web.session.DisableEncodeUrlFilter@569bf002, org.springframework.security.web.context.request.async.WebAsyncManagerIntegrationFilter@72ee09c4, org.springframework.security.web.context.SecurityContextHolderFilter@61579df0, org.springframework.security.web.header.HeaderWriterFilter@3e74dd8d, org.springframework.web.filter.CorsFilter@4565ca9d, org.springframework.security.web.authentication.logout.LogoutFilter@6a7d75c2, tn.esprit.esprithub.security.JwtFilter@4fb185e, org.springframework.security.web.savedrequest.RequestCacheAwareFilter@41ffa8da, org.springframework.security.web.servletapi.SecurityContextHolderAwareRequestFilter@3cd04665, org.springframework.security.web.authentication.AnonymousAuthenticationFilter@16c5c532, org.springframework.security.web.session.SessionManagementFilter@61bc146d, org.springframework.security.web.access.ExceptionTranslationFilter@2f6fb07d, org.springframework.security.web.access.intercept.AuthorizationFilter@559ed659]
2024-10-28T22:37:28.911+01:00  INFO 12049 --- [           main] o.s.s.quartz.SchedulerFactoryBean        : Starting Quartz Scheduler now
2024-10-28T22:37:28.912+01:00  INFO 12049 --- [           main] org.quartz.core.QuartzScheduler          : Scheduler quartzScheduler_$_NON_CLUSTERED started.
2024-10-28T22:37:28.949+01:00  INFO 12049 --- [           main] t.e.e.s.ReservationServiceJUnitTest      : Started ReservationServiceJUnitTest in 13.957 seconds (process running for 18.151)
Hibernate: insert into user (account_locked,adresse,badge,created_date,email,enabled,first_name,img_user,last_login,last_name,participation_team,password,phone,role,sport_teams_team_id,username) values (?,?,?,?,?,?,?,?,?,?,?,?,?,?,?,?)
Hibernate: insert into user (account_locked,adresse,badge,created_date,email,enabled,first_name,img_user,last_login,last_name,participation_team,password,phone,role,sport_teams_team_id,username) values (?,?,?,?,?,?,?,?,?,?,?,?,?,?,?,?)
Hibernate: insert into sport_team (captain_user_id,logo_team,name_team) values (?,?,?)
Hibernate: insert into reservation (end_date,fields_field_id,nb_players,res_status,res_type,start_date) values (?,?,?,?,?,?)
Hibernate: select u1_0.user_id,u1_0.account_locked,u1_0.adresse,u1_0.badge,u1_0.created_date,u1_0.email,u1_0.enabled,u1_0.first_name,u1_0.img_user,u1_0.last_login,u1_0.last_modified_date,u1_0.last_name,u1_0.participation_team,u1_0.password,u1_0.phone,u1_0.role,stc1_0.team_id,stc1_0.logo_team,stc1_0.name_team,st1_0.team_id,c1_0.user_id,c1_0.account_locked,c1_0.adresse,c1_0.badge,c1_0.created_date,c1_0.email,c1_0.enabled,c1_0.first_name,c1_0.img_user,c1_0.last_login,c1_0.last_modified_date,c1_0.last_name,c1_0.participation_team,c1_0.password,c1_0.phone,c1_0.role,c1_0.sport_teams_team_id,c1_0.username,st1_0.logo_team,st1_0.name_team,u1_0.username from user u1_0 left join sport_team stc1_0 on u1_0.user_id=stc1_0.captain_user_id left join sport_team st1_0 on st1_0.team_id=u1_0.sport_teams_team_id left join user c1_0 on c1_0.user_id=st1_0.captain_user_id where u1_0.user_id=?
]]></system-out>
  </testcase>
  <testcase name="testCancelReservationForSportTeam_Success" classname="tn.esprit.esprithub.services.ReservationServiceJUnitTest" time="0.181">
    <system-out><![CDATA[Hibernate: insert into user (account_locked,adresse,badge,created_date,email,enabled,first_name,img_user,last_login,last_name,participation_team,password,phone,role,sport_teams_team_id,username) values (?,?,?,?,?,?,?,?,?,?,?,?,?,?,?,?)
Hibernate: insert into user (account_locked,adresse,badge,created_date,email,enabled,first_name,img_user,last_login,last_name,participation_team,password,phone,role,sport_teams_team_id,username) values (?,?,?,?,?,?,?,?,?,?,?,?,?,?,?,?)
Hibernate: insert into sport_team (captain_user_id,logo_team,name_team) values (?,?,?)
Hibernate: insert into reservation (end_date,fields_field_id,nb_players,res_status,res_type,start_date) values (?,?,?,?,?,?)
Hibernate: update user set account_locked=?,adresse=?,badge=?,email=?,enabled=?,first_name=?,img_user=?,last_login=?,last_modified_date=?,last_name=?,participation_team=?,password=?,phone=?,role=?,sport_teams_team_id=?,username=? where user_id=?
Hibernate: delete from reservation where reservation_id=?
Hibernate: select count(*) from reservation r1_0 where r1_0.reservation_id=?
]]></system-out>
  </testcase>
  <testcase name="testCancelReservationForSportTeam_CaptainNotAssociatedWithTeam" classname="tn.esprit.esprithub.services.ReservationServiceJUnitTest" time="0.052">
    <system-out><![CDATA[Hibernate: insert into user (account_locked,adresse,badge,created_date,email,enabled,first_name,img_user,last_login,last_name,participation_team,password,phone,role,sport_teams_team_id,username) values (?,?,?,?,?,?,?,?,?,?,?,?,?,?,?,?)
Hibernate: insert into user (account_locked,adresse,badge,created_date,email,enabled,first_name,img_user,last_login,last_name,participation_team,password,phone,role,sport_teams_team_id,username) values (?,?,?,?,?,?,?,?,?,?,?,?,?,?,?,?)
Hibernate: insert into sport_team (captain_user_id,logo_team,name_team) values (?,?,?)
Hibernate: insert into reservation (end_date,fields_field_id,nb_players,res_status,res_type,start_date) values (?,?,?,?,?,?)
Hibernate: insert into user (account_locked,adresse,badge,created_date,email,enabled,first_name,img_user,last_login,last_name,participation_team,password,phone,role,sport_teams_team_id,username) values (?,?,?,?,?,?,?,?,?,?,?,?,?,?,?,?)
]]></system-out>
  </testcase>
  <testcase name="testCancelReservationForSportTeam_ReservationNotFound" classname="tn.esprit.esprithub.services.ReservationServiceJUnitTest" time="0.041">
    <system-out><![CDATA[Hibernate: insert into user (account_locked,adresse,badge,created_date,email,enabled,first_name,img_user,last_login,last_name,participation_team,password,phone,role,sport_teams_team_id,username) values (?,?,?,?,?,?,?,?,?,?,?,?,?,?,?,?)
Hibernate: insert into user (account_locked,adresse,badge,created_date,email,enabled,first_name,img_user,last_login,last_name,participation_team,password,phone,role,sport_teams_team_id,username) values (?,?,?,?,?,?,?,?,?,?,?,?,?,?,?,?)
Hibernate: insert into sport_team (captain_user_id,logo_team,name_team) values (?,?,?)
Hibernate: insert into reservation (end_date,fields_field_id,nb_players,res_status,res_type,start_date) values (?,?,?,?,?,?)
Hibernate: select r1_0.reservation_id,r1_0.end_date,f1_0.field_id,f1_0.capacity_field,f1_0.description_field,f1_0.location_field,f1_0.name_field,f1_0.type_field,r1_0.nb_players,r1_0.res_status,r1_0.res_type,r1_0.start_date from reservation r1_0 left join field f1_0 on f1_0.field_id=r1_0.fields_field_id where r1_0.reservation_id=?
]]></system-out>
  </testcase>
</testsuite>